<?xml version="1.0" encoding="UTF-8"?>
<!-- Generated by org.testng.reporters.JUnitXMLReporter -->
<testsuite ignored="0" hostname="WKWZT9jCabsNpSF" failures="3" tests="36" name="Command line test" time="56.533" errors="0" timestamp="2022-11-23T15:22:43 IST">
  <testcase classname="mine_day1.MyFirstTestNGTest" name="logout" time="0.003"/>
  <testcase classname="mine_day1.MyFirstTestNGTest" name="login" time="0.001"/>
  <testcase classname="mine_day1.MyFirstTestNGTest" name="createaccount" time="0.0"/>
  <testcase classname="mine_day1.MyFirstTestNGTest" name="deleteaccount" time="0.0"/>
  <testcase classname="mine_day3.CrossBrowserTest" name="loginTest" time="0.0">
    <failure type="org.testng.TestNGException" message="
Parameter &amp;apos;browser&amp;apos; is required by @Test on method loginTest but has not been marked @Optional or defined
">
      <![CDATA[org.testng.TestNGException: 
Parameter 'browser' is required by @Test on method loginTest but has not been marked @Optional or defined

at java.base/java.util.ArrayList.forEach(ArrayList.java:1541)
... Removed 36 stack frames]]>
    </failure>
  </testcase> <!-- loginTest -->
  <testcase classname="mine_day3.LoginTest" name="verifyForgetPassword" time="0.036"/>
  <testcase classname="mine_day3.LoginTest" name="verifySocialMediaCount" time="0.015"/>
  <testcase classname="mine_day3.LoginTest" name="verifyTitle" time="0.005"/>
  <testcase classname="mine_day3.LoginTest" name="verifyUrl" time="0.007"/>
  <testcase classname="mine_day3.TestNG1" name="createAccount" time="0.0"/>
  <testcase classname="mine_day3.TestNG1" name="deleteAccount" time="0.0"/>
  <testcase classname="mine_day3.TestNG1" name="logoutAccount" time="0.0"/>
  <testcase classname="mine_day3.TestNG1" name="login" time="0.0"/>
  <testcase classname="mine_Day_3.CrossBrowserTest" name="loginTest" time="0.0">
    <failure type="org.testng.TestNGException" message="
Parameter &amp;apos;browser&amp;apos; is required by @Test on method loginTest but has not been marked @Optional or defined
">
      <![CDATA[org.testng.TestNGException: 
Parameter 'browser' is required by @Test on method loginTest but has not been marked @Optional or defined

at java.base/java.util.ArrayList.forEach(ArrayList.java:1541)
... Removed 36 stack frames]]>
    </failure>
  </testcase> <!-- loginTest -->
  <testcase classname="mine_Day_3.LoginTest" name="checkWithoutUsername" time="0.188"/>
  <testcase classname="mine_Day_3.LoginTest" name="checkWithoutPassword" time="0.133"/>
  <testcase classname="mine_Day_3.LoginTest" name="checkWithoutCredentials" time="0.093"/>
  <testcase classname="mine_Day_3.LoginTest" name="checkLogin" time="3.58"/>
  <testcase classname="mine_Day_3.LoginTest" name="createUser" time="3.346"/>
  <testcase classname="mine_Day_3.LoginTest" name="SignInWithNewUser" time="1.347"/>
  <testcase classname="mine_Day_3.MyFirstTestNGTest" name="logout" time="0.0"/>
  <testcase classname="mine_Day_3.MyFirstTestNGTest" name="login" time="0.0"/>
  <testcase classname="mine_Day_3.MyFirstTestNGTest" name="createaccount" time="0.0"/>
  <testcase classname="mine_Day_3.MyFirstTestNGTest" name="deleteaccount" time="0.0"/>
  <testcase classname="mine_Day_3.SmokeTest" name="verifyForgetPasswordLink" time="0.032"/>
  <testcase classname="mine_Day_3.SmokeTest" name="verifySocialMedia" time="0.013"/>
  <testcase classname="mine_Day_3.SmokeTest" name="verifyTitle" time="0.008"/>
  <testcase classname="mine_Day_3.SmokeTest" name="verifyUrl" time="0.005"/>
  <testcase classname="office_day3.CrossBrowserTest" name="loginTest" time="0.0">
    <failure type="org.testng.TestNGException" message="
Parameter &amp;apos;browser&amp;apos; is required by @Test on method loginTest but has not been marked @Optional or defined
">
      <![CDATA[org.testng.TestNGException: 
Parameter 'browser' is required by @Test on method loginTest but has not been marked @Optional or defined

at java.base/java.util.ArrayList.forEach(ArrayList.java:1541)
... Removed 36 stack frames]]>
    </failure>
  </testcase> <!-- loginTest -->
  <testcase classname="office_day3.MyFirstTestNGTest" name="test1" time="0.0"/>
  <testcase classname="office_day3.MyFirstTestNGTest" name="test2" time="0.0"/>
  <testcase classname="office_day3.MyFirstTestNGTest" name="test3" time="0.0"/>
  <testcase classname="office_day3.SmokeTest" name="verifyForgotPasswordLink" time="0.029"/>
  <testcase classname="office_day3.SmokeTest" name="verifySocialMediaCount" time="0.017"/>
  <testcase classname="office_day3.SmokeTest" name="verifyTitle" time="0.006"/>
  <testcase classname="office_day3.SmokeTest" name="verifyURL" time="0.007"/>
</testsuite> <!-- Command line test -->
