<html>
<head>
<title>TestNG:  Command line test</title>
<link href="../testng.css" rel="stylesheet" type="text/css" />
<link href="../my-testng.css" rel="stylesheet" type="text/css" />

<style type="text/css">
.log { display: none;} 
.stack-trace { display: none;} 
</style>
<script type="text/javascript">
<!--
function flip(e) {
  current = e.style.display;
  if (current == 'block') {
    e.style.display = 'none';
    return 0;
  }
  else {
    e.style.display = 'block';
    return 1;
  }
}

function toggleBox(szDivId, elem, msg1, msg2)
{
  var res = -1;  if (document.getElementById) {
    res = flip(document.getElementById(szDivId));
  }
  else if (document.all) {
    // this is the way old msie versions work
    res = flip(document.all[szDivId]);
  }
  if(elem) {
    if(res == 0) elem.innerHTML = msg1; else elem.innerHTML = msg2;
  }

}

function toggleAllBoxes() {
  if (document.getElementsByTagName) {
    d = document.getElementsByTagName('div');
    for (i = 0; i < d.length; i++) {
      if (d[i].className == 'log') {
        flip(d[i]);
      }
    }
  }
}

// -->
</script>

</head>
<body>
<h2 align='center'>Command line test</h2><table border='1' align="center">
<tr>
<td>Tests passed/Failed/Skipped:</td><td>33/3/0</td>
</tr><tr>
<td>Started on:</td><td>Wed Nov 23 15:21:46 IST 2022</td>
</tr>
<tr><td>Total time:</td><td>56 seconds (56533 ms)</td>
</tr><tr>
<td>Included groups:</td><td></td>
</tr><tr>
<td>Excluded groups:</td><td></td>
</tr>
</table><p/>
<small><i>(Hover the method name to see the test class name)</i></small><p/>
<table width='100%' border='1' class='invocation-failed'>
<tr><td colspan='4' align='center'><b>FAILED TESTS</b></td></tr>
<tr><td><b>Test method</b></td>
<td width="30%"><b>Exception</b></td>
<td width="10%"><b>Time (seconds)</b></td>
<td><b>Instance</b></td>
</tr>
<tr>
<td title='mine_day3.CrossBrowserTest.loginTest()'><b>loginTest</b><br>Test class: mine_day3.CrossBrowserTest</td>
<td><div><pre>org.testng.TestNGException: 
Parameter &apos;browser&apos; is required by @Test on method loginTest but has not been marked @Optional or defined

	at java.base/java.util.ArrayList.forEach(ArrayList.java:1541)
... Removed 36 stack frames</pre></div><a href='#' onClick='toggleBox("stack-trace154319946", this, "Click to show all stack frames", "Click to hide stack frames")'>Click to show all stack frames</a>
<div class='stack-trace' id='stack-trace154319946'><pre>org.testng.TestNGException: 
Parameter &apos;browser&apos; is required by @Test on method loginTest but has not been marked @Optional or defined

	at org.testng.internal.Parameters.createParams(Parameters.java:270)
	at org.testng.internal.Parameters.createParametersForMethod(Parameters.java:358)
	at org.testng.internal.Parameters.createParameters(Parameters.java:700)
	at org.testng.internal.Parameters.handleParameters(Parameters.java:884)
	at org.testng.internal.Parameters.handleParameters(Parameters.java:740)
	at org.testng.internal.ParameterHandler.handleParameters(ParameterHandler.java:59)
	at org.testng.internal.ParameterHandler.createParameters(ParameterHandler.java:38)
	at org.testng.internal.TestInvoker$MethodInvocationAgent.invoke(TestInvoker.java:791)
	at org.testng.internal.TestInvoker.invokeTestMethods(TestInvoker.java:146)
	at org.testng.internal.TestMethodWorker.invokeTestMethods(TestMethodWorker.java:146)
	at org.testng.internal.TestMethodWorker.run(TestMethodWorker.java:128)
	at java.base/java.util.ArrayList.forEach(ArrayList.java:1541)
	at org.testng.TestRunner.privateRun(TestRunner.java:794)
	at org.testng.TestRunner.run(TestRunner.java:596)
	at org.testng.SuiteRunner.runTest(SuiteRunner.java:377)
	at org.testng.SuiteRunner.runSequentially(SuiteRunner.java:371)
	at org.testng.SuiteRunner.privateRun(SuiteRunner.java:332)
	at org.testng.SuiteRunner.run(SuiteRunner.java:276)
	at org.testng.SuiteRunnerWorker.runSuite(SuiteRunnerWorker.java:53)
	at org.testng.SuiteRunnerWorker.run(SuiteRunnerWorker.java:96)
	at org.testng.TestNG.runSuitesSequentially(TestNG.java:1212)
	at org.testng.TestNG.runSuitesLocally(TestNG.java:1134)
	at org.testng.TestNG.runSuites(TestNG.java:1063)
	at org.testng.TestNG.run(TestNG.java:1031)
	at org.apache.maven.surefire.testng.TestNGExecutor.run(TestNGExecutor.java:77)
	at org.apache.maven.surefire.testng.TestNGDirectoryTestSuite.executeMulti(TestNGDirectoryTestSuite.java:159)
	at org.apache.maven.surefire.testng.TestNGDirectoryTestSuite.execute(TestNGDirectoryTestSuite.java:99)
	at org.apache.maven.surefire.testng.TestNGProvider.invoke(TestNGProvider.java:106)
	at java.base/jdk.internal.reflect.NativeMethodAccessorImpl.invoke0(Native Method)
	at java.base/jdk.internal.reflect.NativeMethodAccessorImpl.invoke(NativeMethodAccessorImpl.java:62)
	at java.base/jdk.internal.reflect.DelegatingMethodAccessorImpl.invoke(DelegatingMethodAccessorImpl.java:43)
	at java.base/java.lang.reflect.Method.invoke(Method.java:566)
	at org.apache.maven.surefire.util.ReflectionUtils.invokeMethodWithArray(ReflectionUtils.java:189)
	at org.apache.maven.surefire.booter.ProviderFactory$ProviderProxy.invoke(ProviderFactory.java:165)
	at org.apache.maven.surefire.booter.ProviderFactory.invokeProvider(ProviderFactory.java:85)
	at org.apache.maven.surefire.booter.ForkedBooter.runSuitesInProcess(ForkedBooter.java:115)
	at org.apache.maven.surefire.booter.ForkedBooter.main(ForkedBooter.java:75)
</pre></div></td>
<td>0</td>
<td>mine_day3.CrossBrowserTest@55fe41ea</td></tr>
<tr>
<td title='mine_Day_3.CrossBrowserTest.loginTest()'><b>loginTest</b><br>Test class: mine_Day_3.CrossBrowserTest</td>
<td><div><pre>org.testng.TestNGException: 
Parameter &apos;browser&apos; is required by @Test on method loginTest but has not been marked @Optional or defined

	at java.base/java.util.ArrayList.forEach(ArrayList.java:1541)
... Removed 36 stack frames</pre></div><a href='#' onClick='toggleBox("stack-trace2082673402", this, "Click to show all stack frames", "Click to hide stack frames")'>Click to show all stack frames</a>
<div class='stack-trace' id='stack-trace2082673402'><pre>org.testng.TestNGException: 
Parameter &apos;browser&apos; is required by @Test on method loginTest but has not been marked @Optional or defined

	at org.testng.internal.Parameters.createParams(Parameters.java:270)
	at org.testng.internal.Parameters.createParametersForMethod(Parameters.java:358)
	at org.testng.internal.Parameters.createParameters(Parameters.java:700)
	at org.testng.internal.Parameters.handleParameters(Parameters.java:884)
	at org.testng.internal.Parameters.handleParameters(Parameters.java:740)
	at org.testng.internal.ParameterHandler.handleParameters(ParameterHandler.java:59)
	at org.testng.internal.ParameterHandler.createParameters(ParameterHandler.java:38)
	at org.testng.internal.TestInvoker$MethodInvocationAgent.invoke(TestInvoker.java:791)
	at org.testng.internal.TestInvoker.invokeTestMethods(TestInvoker.java:146)
	at org.testng.internal.TestMethodWorker.invokeTestMethods(TestMethodWorker.java:146)
	at org.testng.internal.TestMethodWorker.run(TestMethodWorker.java:128)
	at java.base/java.util.ArrayList.forEach(ArrayList.java:1541)
	at org.testng.TestRunner.privateRun(TestRunner.java:794)
	at org.testng.TestRunner.run(TestRunner.java:596)
	at org.testng.SuiteRunner.runTest(SuiteRunner.java:377)
	at org.testng.SuiteRunner.runSequentially(SuiteRunner.java:371)
	at org.testng.SuiteRunner.privateRun(SuiteRunner.java:332)
	at org.testng.SuiteRunner.run(SuiteRunner.java:276)
	at org.testng.SuiteRunnerWorker.runSuite(SuiteRunnerWorker.java:53)
	at org.testng.SuiteRunnerWorker.run(SuiteRunnerWorker.java:96)
	at org.testng.TestNG.runSuitesSequentially(TestNG.java:1212)
	at org.testng.TestNG.runSuitesLocally(TestNG.java:1134)
	at org.testng.TestNG.runSuites(TestNG.java:1063)
	at org.testng.TestNG.run(TestNG.java:1031)
	at org.apache.maven.surefire.testng.TestNGExecutor.run(TestNGExecutor.java:77)
	at org.apache.maven.surefire.testng.TestNGDirectoryTestSuite.executeMulti(TestNGDirectoryTestSuite.java:159)
	at org.apache.maven.surefire.testng.TestNGDirectoryTestSuite.execute(TestNGDirectoryTestSuite.java:99)
	at org.apache.maven.surefire.testng.TestNGProvider.invoke(TestNGProvider.java:106)
	at java.base/jdk.internal.reflect.NativeMethodAccessorImpl.invoke0(Native Method)
	at java.base/jdk.internal.reflect.NativeMethodAccessorImpl.invoke(NativeMethodAccessorImpl.java:62)
	at java.base/jdk.internal.reflect.DelegatingMethodAccessorImpl.invoke(DelegatingMethodAccessorImpl.java:43)
	at java.base/java.lang.reflect.Method.invoke(Method.java:566)
	at org.apache.maven.surefire.util.ReflectionUtils.invokeMethodWithArray(ReflectionUtils.java:189)
	at org.apache.maven.surefire.booter.ProviderFactory$ProviderProxy.invoke(ProviderFactory.java:165)
	at org.apache.maven.surefire.booter.ProviderFactory.invokeProvider(ProviderFactory.java:85)
	at org.apache.maven.surefire.booter.ForkedBooter.runSuitesInProcess(ForkedBooter.java:115)
	at org.apache.maven.surefire.booter.ForkedBooter.main(ForkedBooter.java:75)
</pre></div></td>
<td>0</td>
<td>mine_Day_3.CrossBrowserTest@7dc0f706</td></tr>
<tr>
<td title='office_day3.CrossBrowserTest.loginTest()'><b>loginTest</b><br>Test class: office_day3.CrossBrowserTest</td>
<td><div><pre>org.testng.TestNGException: 
Parameter &apos;browser&apos; is required by @Test on method loginTest but has not been marked @Optional or defined

	at java.base/java.util.ArrayList.forEach(ArrayList.java:1541)
... Removed 36 stack frames</pre></div><a href='#' onClick='toggleBox("stack-trace1252138909", this, "Click to show all stack frames", "Click to hide stack frames")'>Click to show all stack frames</a>
<div class='stack-trace' id='stack-trace1252138909'><pre>org.testng.TestNGException: 
Parameter &apos;browser&apos; is required by @Test on method loginTest but has not been marked @Optional or defined

	at org.testng.internal.Parameters.createParams(Parameters.java:270)
	at org.testng.internal.Parameters.createParametersForMethod(Parameters.java:358)
	at org.testng.internal.Parameters.createParameters(Parameters.java:700)
	at org.testng.internal.Parameters.handleParameters(Parameters.java:884)
	at org.testng.internal.Parameters.handleParameters(Parameters.java:740)
	at org.testng.internal.ParameterHandler.handleParameters(ParameterHandler.java:59)
	at org.testng.internal.ParameterHandler.createParameters(ParameterHandler.java:38)
	at org.testng.internal.TestInvoker$MethodInvocationAgent.invoke(TestInvoker.java:791)
	at org.testng.internal.TestInvoker.invokeTestMethods(TestInvoker.java:146)
	at org.testng.internal.TestMethodWorker.invokeTestMethods(TestMethodWorker.java:146)
	at org.testng.internal.TestMethodWorker.run(TestMethodWorker.java:128)
	at java.base/java.util.ArrayList.forEach(ArrayList.java:1541)
	at org.testng.TestRunner.privateRun(TestRunner.java:794)
	at org.testng.TestRunner.run(TestRunner.java:596)
	at org.testng.SuiteRunner.runTest(SuiteRunner.java:377)
	at org.testng.SuiteRunner.runSequentially(SuiteRunner.java:371)
	at org.testng.SuiteRunner.privateRun(SuiteRunner.java:332)
	at org.testng.SuiteRunner.run(SuiteRunner.java:276)
	at org.testng.SuiteRunnerWorker.runSuite(SuiteRunnerWorker.java:53)
	at org.testng.SuiteRunnerWorker.run(SuiteRunnerWorker.java:96)
	at org.testng.TestNG.runSuitesSequentially(TestNG.java:1212)
	at org.testng.TestNG.runSuitesLocally(TestNG.java:1134)
	at org.testng.TestNG.runSuites(TestNG.java:1063)
	at org.testng.TestNG.run(TestNG.java:1031)
	at org.apache.maven.surefire.testng.TestNGExecutor.run(TestNGExecutor.java:77)
	at org.apache.maven.surefire.testng.TestNGDirectoryTestSuite.executeMulti(TestNGDirectoryTestSuite.java:159)
	at org.apache.maven.surefire.testng.TestNGDirectoryTestSuite.execute(TestNGDirectoryTestSuite.java:99)
	at org.apache.maven.surefire.testng.TestNGProvider.invoke(TestNGProvider.java:106)
	at java.base/jdk.internal.reflect.NativeMethodAccessorImpl.invoke0(Native Method)
	at java.base/jdk.internal.reflect.NativeMethodAccessorImpl.invoke(NativeMethodAccessorImpl.java:62)
	at java.base/jdk.internal.reflect.DelegatingMethodAccessorImpl.invoke(DelegatingMethodAccessorImpl.java:43)
	at java.base/java.lang.reflect.Method.invoke(Method.java:566)
	at org.apache.maven.surefire.util.ReflectionUtils.invokeMethodWithArray(ReflectionUtils.java:189)
	at org.apache.maven.surefire.booter.ProviderFactory$ProviderProxy.invoke(ProviderFactory.java:165)
	at org.apache.maven.surefire.booter.ProviderFactory.invokeProvider(ProviderFactory.java:85)
	at org.apache.maven.surefire.booter.ForkedBooter.runSuitesInProcess(ForkedBooter.java:115)
	at org.apache.maven.surefire.booter.ForkedBooter.main(ForkedBooter.java:75)
</pre></div></td>
<td>0</td>
<td>office_day3.CrossBrowserTest@63475ace</td></tr>
</table><p>
<table width='100%' border='1' class='invocation-passed'>
<tr><td colspan='4' align='center'><b>PASSED TESTS</b></td></tr>
<tr><td><b>Test method</b></td>
<td width="30%"><b>Exception</b></td>
<td width="10%"><b>Time (seconds)</b></td>
<td><b>Instance</b></td>
</tr>
<tr>
<td title='mine_Day_3.MyFirstTestNGTest.deleteaccount()'><b>deleteaccount</b><br>Test class: mine_Day_3.MyFirstTestNGTest</td>
<td></td>
<td>0</td>
<td>mine_Day_3.MyFirstTestNGTest@22fcf7ab</td></tr>
<tr>
<td title='office_day3.MyFirstTestNGTest.test2()'><b>test2</b><br>Test class: office_day3.MyFirstTestNGTest</td>
<td></td>
<td>0</td>
<td>office_day3.MyFirstTestNGTest@4988d8b8</td></tr>
<tr>
<td title='mine_Day_3.SmokeTest.verifySocialMedia()'><b>verifySocialMedia</b><br>Test class: mine_Day_3.SmokeTest</td>
<td></td>
<td>0</td>
<td>mine_Day_3.SmokeTest@2de23121</td></tr>
<tr>
<td title='office_day3.SmokeTest.verifyURL()'><b>verifyURL</b><br>Test class: office_day3.SmokeTest</td>
<td></td>
<td>0</td>
<td>office_day3.SmokeTest@c0c2f8d</td></tr>
<tr>
<td title='mine_Day_3.LoginTest.SignInWithNewUser()'><b>SignInWithNewUser</b><br>Test class: mine_Day_3.LoginTest</td>
<td></td>
<td>1</td>
<td>mine_Day_3.LoginTest@587e5365</td></tr>
<tr>
<td title='mine_day3.TestNG1.logoutAccount()'><b>logoutAccount</b><br>Test class: mine_day3.TestNG1</td>
<td></td>
<td>0</td>
<td>mine_day3.TestNG1@3d34d211</td></tr>
<tr>
<td title='office_day3.SmokeTest.verifyForgotPasswordLink()'><b>verifyForgotPasswordLink</b><br>Test class: office_day3.SmokeTest</td>
<td></td>
<td>0</td>
<td>office_day3.SmokeTest@c0c2f8d</td></tr>
<tr>
<td title='mine_Day_3.SmokeTest.verifyUrl()'><b>verifyUrl</b><br>Test class: mine_Day_3.SmokeTest</td>
<td></td>
<td>0</td>
<td>mine_Day_3.SmokeTest@2de23121</td></tr>
<tr>
<td title='mine_day1.MyFirstTestNGTest.deleteaccount()'><b>deleteaccount</b><br>Test class: mine_day1.MyFirstTestNGTest</td>
<td></td>
<td>0</td>
<td>mine_day1.MyFirstTestNGTest@1fa121e2</td></tr>
<tr>
<td title='mine_day3.TestNG1.deleteAccount()'><b>deleteAccount</b><br>Test class: mine_day3.TestNG1</td>
<td></td>
<td>0</td>
<td>mine_day3.TestNG1@3d34d211</td></tr>
<tr>
<td title='office_day3.SmokeTest.verifySocialMediaCount()'><b>verifySocialMediaCount</b><br>Test class: office_day3.SmokeTest</td>
<td></td>
<td>0</td>
<td>office_day3.SmokeTest@c0c2f8d</td></tr>
<tr>
<td title='mine_Day_3.SmokeTest.verifyForgetPasswordLink()'><b>verifyForgetPasswordLink</b><br>Test class: mine_Day_3.SmokeTest</td>
<td></td>
<td>0</td>
<td>mine_Day_3.SmokeTest@2de23121</td></tr>
<tr>
<td title='mine_day1.MyFirstTestNGTest.login()'><b>login</b><br>Test class: mine_day1.MyFirstTestNGTest</td>
<td></td>
<td>0</td>
<td>mine_day1.MyFirstTestNGTest@1fa121e2</td></tr>
<tr>
<td title='mine_day3.LoginTest.verifySocialMediaCount()'><b>verifySocialMediaCount</b><br>Test class: mine_day3.LoginTest</td>
<td></td>
<td>0</td>
<td>mine_day3.LoginTest@2aceadd4</td></tr>
<tr>
<td title='mine_day3.LoginTest.verifyTitle()'><b>verifyTitle</b><br>Test class: mine_day3.LoginTest</td>
<td></td>
<td>0</td>
<td>mine_day3.LoginTest@2aceadd4</td></tr>
<tr>
<td title='mine_day1.MyFirstTestNGTest.createaccount()'><b>createaccount</b><br>Test class: mine_day1.MyFirstTestNGTest</td>
<td></td>
<td>0</td>
<td>mine_day1.MyFirstTestNGTest@1fa121e2</td></tr>
<tr>
<td title='mine_day3.LoginTest.verifyUrl()'><b>verifyUrl</b><br>Test class: mine_day3.LoginTest</td>
<td></td>
<td>0</td>
<td>mine_day3.LoginTest@2aceadd4</td></tr>
<tr>
<td title='mine_Day_3.SmokeTest.verifyTitle()'><b>verifyTitle</b><br>Test class: mine_Day_3.SmokeTest</td>
<td></td>
<td>0</td>
<td>mine_Day_3.SmokeTest@2de23121</td></tr>
<tr>
<td title='mine_Day_3.LoginTest.checkLogin()'><b>checkLogin</b><br>Test class: mine_Day_3.LoginTest</td>
<td></td>
<td>3</td>
<td>mine_Day_3.LoginTest@587e5365</td></tr>
<tr>
<td title='office_day3.MyFirstTestNGTest.test3()'><b>test3</b><br>Test class: office_day3.MyFirstTestNGTest</td>
<td></td>
<td>0</td>
<td>office_day3.MyFirstTestNGTest@4988d8b8</td></tr>
<tr>
<td title='mine_Day_3.LoginTest.createUser()'><b>createUser</b><br>Test class: mine_Day_3.LoginTest</td>
<td></td>
<td>3</td>
<td>mine_Day_3.LoginTest@587e5365</td></tr>
<tr>
<td title='office_day3.SmokeTest.verifyTitle()'><b>verifyTitle</b><br>Test class: office_day3.SmokeTest</td>
<td></td>
<td>0</td>
<td>office_day3.SmokeTest@c0c2f8d</td></tr>
<tr>
<td title='mine_Day_3.MyFirstTestNGTest.login()'><b>login</b><br>Test class: mine_Day_3.MyFirstTestNGTest</td>
<td></td>
<td>0</td>
<td>mine_Day_3.MyFirstTestNGTest@22fcf7ab</td></tr>
<tr>
<td title='mine_day3.TestNG1.createAccount()'><b>createAccount</b><br>Test class: mine_day3.TestNG1</td>
<td></td>
<td>0</td>
<td>mine_day3.TestNG1@3d34d211</td></tr>
<tr>
<td title='mine_day3.LoginTest.verifyForgetPassword()'><b>verifyForgetPassword</b><br>Test class: mine_day3.LoginTest</td>
<td></td>
<td>0</td>
<td>mine_day3.LoginTest@2aceadd4</td></tr>
<tr>
<td title='mine_day3.TestNG1.login()'><b>login</b><br>Test class: mine_day3.TestNG1</td>
<td></td>
<td>0</td>
<td>mine_day3.TestNG1@3d34d211</td></tr>
<tr>
<td title='mine_Day_3.LoginTest.checkWithoutCredentials()'><b>checkWithoutCredentials</b><br>Test class: mine_Day_3.LoginTest</td>
<td></td>
<td>0</td>
<td>mine_Day_3.LoginTest@587e5365</td></tr>
<tr>
<td title='mine_Day_3.LoginTest.checkWithoutUsername()'><b>checkWithoutUsername</b><br>Test class: mine_Day_3.LoginTest</td>
<td></td>
<td>0</td>
<td>mine_Day_3.LoginTest@587e5365</td></tr>
<tr>
<td title='mine_Day_3.LoginTest.checkWithoutPassword()'><b>checkWithoutPassword</b><br>Test class: mine_Day_3.LoginTest</td>
<td></td>
<td>0</td>
<td>mine_Day_3.LoginTest@587e5365</td></tr>
<tr>
<td title='office_day3.MyFirstTestNGTest.test1()'><b>test1</b><br>Test class: office_day3.MyFirstTestNGTest</td>
<td></td>
<td>0</td>
<td>office_day3.MyFirstTestNGTest@4988d8b8</td></tr>
<tr>
<td title='mine_day1.MyFirstTestNGTest.logout()'><b>logout</b><br>Test class: mine_day1.MyFirstTestNGTest</td>
<td></td>
<td>0</td>
<td>mine_day1.MyFirstTestNGTest@1fa121e2</td></tr>
<tr>
<td title='mine_Day_3.MyFirstTestNGTest.logout()'><b>logout</b><br>Test class: mine_Day_3.MyFirstTestNGTest</td>
<td></td>
<td>0</td>
<td>mine_Day_3.MyFirstTestNGTest@22fcf7ab</td></tr>
<tr>
<td title='mine_Day_3.MyFirstTestNGTest.createaccount()'><b>createaccount</b><br>Test class: mine_Day_3.MyFirstTestNGTest</td>
<td></td>
<td>0</td>
<td>mine_Day_3.MyFirstTestNGTest@22fcf7ab</td></tr>
</table><p>
</body>
</html>