<?xml version="1.0" encoding="UTF-8"?>
<testng-results ignored="0" total="36" passed="33" failed="3" skipped="0">
  <reporter-output>
  </reporter-output>
  <suite started-at="2022-11-23T15:21:46 IST" name="Command line suite" finished-at="2022-11-23T15:22:43 IST" duration-ms="56533">
    <groups>
    </groups>
    <test started-at="2022-11-23T15:21:46 IST" name="Command line test" finished-at="2022-11-23T15:22:43 IST" duration-ms="56533">
      <class name="office_day3.CrossBrowserTest">
        <test-method signature="loginTest(java.lang.String)[pri:0, instance:office_day3.CrossBrowserTest@63475ace]" started-at="2022-11-23T15:22:29 IST" name="loginTest" finished-at="2022-11-23T15:22:29 IST" duration-ms="0" status="FAIL">
          <exception class="org.testng.TestNGException">
            <message>
              <![CDATA[
Parameter 'browser' is required by @Test on method loginTest but has not been marked @Optional or defined
]]>
            </message>
            <full-stacktrace>
              <![CDATA[org.testng.TestNGException: 
Parameter 'browser' is required by @Test on method loginTest but has not been marked @Optional or defined

at org.testng.internal.Parameters.createParams(Parameters.java:270)
at org.testng.internal.Parameters.createParametersForMethod(Parameters.java:358)
at org.testng.internal.Parameters.createParameters(Parameters.java:700)
at org.testng.internal.Parameters.handleParameters(Parameters.java:884)
at org.testng.internal.Parameters.handleParameters(Parameters.java:740)
at org.testng.internal.ParameterHandler.handleParameters(ParameterHandler.java:59)
at org.testng.internal.ParameterHandler.createParameters(ParameterHandler.java:38)
at org.testng.internal.TestInvoker$MethodInvocationAgent.invoke(TestInvoker.java:791)
at org.testng.internal.TestInvoker.invokeTestMethods(TestInvoker.java:146)
at org.testng.internal.TestMethodWorker.invokeTestMethods(TestMethodWorker.java:146)
at org.testng.internal.TestMethodWorker.run(TestMethodWorker.java:128)
at java.base/java.util.ArrayList.forEach(ArrayList.java:1541)
at org.testng.TestRunner.privateRun(TestRunner.java:794)
at org.testng.TestRunner.run(TestRunner.java:596)
at org.testng.SuiteRunner.runTest(SuiteRunner.java:377)
at org.testng.SuiteRunner.runSequentially(SuiteRunner.java:371)
at org.testng.SuiteRunner.privateRun(SuiteRunner.java:332)
at org.testng.SuiteRunner.run(SuiteRunner.java:276)
at org.testng.SuiteRunnerWorker.runSuite(SuiteRunnerWorker.java:53)
at org.testng.SuiteRunnerWorker.run(SuiteRunnerWorker.java:96)
at org.testng.TestNG.runSuitesSequentially(TestNG.java:1212)
at org.testng.TestNG.runSuitesLocally(TestNG.java:1134)
at org.testng.TestNG.runSuites(TestNG.java:1063)
at org.testng.TestNG.run(TestNG.java:1031)
at org.apache.maven.surefire.testng.TestNGExecutor.run(TestNGExecutor.java:77)
at org.apache.maven.surefire.testng.TestNGDirectoryTestSuite.executeMulti(TestNGDirectoryTestSuite.java:159)
at org.apache.maven.surefire.testng.TestNGDirectoryTestSuite.execute(TestNGDirectoryTestSuite.java:99)
at org.apache.maven.surefire.testng.TestNGProvider.invoke(TestNGProvider.java:106)
at java.base/jdk.internal.reflect.NativeMethodAccessorImpl.invoke0(Native Method)
at java.base/jdk.internal.reflect.NativeMethodAccessorImpl.invoke(NativeMethodAccessorImpl.java:62)
at java.base/jdk.internal.reflect.DelegatingMethodAccessorImpl.invoke(DelegatingMethodAccessorImpl.java:43)
at java.base/java.lang.reflect.Method.invoke(Method.java:566)
at org.apache.maven.surefire.util.ReflectionUtils.invokeMethodWithArray(ReflectionUtils.java:189)
at org.apache.maven.surefire.booter.ProviderFactory$ProviderProxy.invoke(ProviderFactory.java:165)
at org.apache.maven.surefire.booter.ProviderFactory.invokeProvider(ProviderFactory.java:85)
at org.apache.maven.surefire.booter.ForkedBooter.runSuitesInProcess(ForkedBooter.java:115)
at org.apache.maven.surefire.booter.ForkedBooter.main(ForkedBooter.java:75)
]]>
            </full-stacktrace>
          </exception> <!-- org.testng.TestNGException -->
          <reporter-output>
          </reporter-output>
        </test-method> <!-- loginTest -->
      </class> <!-- office_day3.CrossBrowserTest -->
      <class name="mine_day3.LoginTest">
        <test-method is-config="true" signature="setup()[pri:0, instance:mine_day3.LoginTest@2aceadd4]" started-at="2022-11-23T15:21:46 IST" name="setup" finished-at="2022-11-23T15:21:52 IST" duration-ms="5534" status="PASS">
          <reporter-output>
          </reporter-output>
        </test-method> <!-- setup -->
        <test-method signature="verifyForgetPassword()[pri:0, instance:mine_day3.LoginTest@2aceadd4]" started-at="2022-11-23T15:21:52 IST" name="verifyForgetPassword" finished-at="2022-11-23T15:21:52 IST" duration-ms="36" status="PASS">
          <reporter-output>
          </reporter-output>
        </test-method> <!-- verifyForgetPassword -->
        <test-method is-config="true" signature="teardown()[pri:0, instance:mine_day3.LoginTest@2aceadd4]" started-at="2022-11-23T15:21:52 IST" name="teardown" finished-at="2022-11-23T15:21:52 IST" duration-ms="191" status="PASS">
          <reporter-output>
          </reporter-output>
        </test-method> <!-- teardown -->
        <test-method is-config="true" signature="setup()[pri:0, instance:mine_day3.LoginTest@2aceadd4]" started-at="2022-11-23T15:21:52 IST" name="setup" finished-at="2022-11-23T15:21:55 IST" duration-ms="3441" status="PASS">
          <reporter-output>
          </reporter-output>
        </test-method> <!-- setup -->
        <test-method signature="verifySocialMediaCount()[pri:0, instance:mine_day3.LoginTest@2aceadd4]" started-at="2022-11-23T15:21:55 IST" name="verifySocialMediaCount" finished-at="2022-11-23T15:21:55 IST" duration-ms="15" status="PASS">
          <reporter-output>
          </reporter-output>
        </test-method> <!-- verifySocialMediaCount -->
        <test-method is-config="true" signature="teardown()[pri:0, instance:mine_day3.LoginTest@2aceadd4]" started-at="2022-11-23T15:21:55 IST" name="teardown" finished-at="2022-11-23T15:21:56 IST" duration-ms="199" status="PASS">
          <reporter-output>
          </reporter-output>
        </test-method> <!-- teardown -->
        <test-method is-config="true" signature="setup()[pri:0, instance:mine_day3.LoginTest@2aceadd4]" started-at="2022-11-23T15:21:56 IST" name="setup" finished-at="2022-11-23T15:21:59 IST" duration-ms="3386" status="PASS">
          <reporter-output>
          </reporter-output>
        </test-method> <!-- setup -->
        <test-method signature="verifyTitle()[pri:0, instance:mine_day3.LoginTest@2aceadd4]" started-at="2022-11-23T15:21:59 IST" name="verifyTitle" finished-at="2022-11-23T15:21:59 IST" duration-ms="5" status="PASS">
          <reporter-output>
          </reporter-output>
        </test-method> <!-- verifyTitle -->
        <test-method is-config="true" signature="teardown()[pri:0, instance:mine_day3.LoginTest@2aceadd4]" started-at="2022-11-23T15:21:59 IST" name="teardown" finished-at="2022-11-23T15:21:59 IST" duration-ms="176" status="PASS">
          <reporter-output>
          </reporter-output>
        </test-method> <!-- teardown -->
        <test-method is-config="true" signature="setup()[pri:0, instance:mine_day3.LoginTest@2aceadd4]" started-at="2022-11-23T15:21:59 IST" name="setup" finished-at="2022-11-23T15:22:02 IST" duration-ms="3172" status="PASS">
          <reporter-output>
          </reporter-output>
        </test-method> <!-- setup -->
        <test-method signature="verifyUrl()[pri:0, instance:mine_day3.LoginTest@2aceadd4]" started-at="2022-11-23T15:22:02 IST" name="verifyUrl" finished-at="2022-11-23T15:22:02 IST" duration-ms="7" status="PASS">
          <reporter-output>
          </reporter-output>
        </test-method> <!-- verifyUrl -->
        <test-method is-config="true" signature="teardown()[pri:0, instance:mine_day3.LoginTest@2aceadd4]" started-at="2022-11-23T15:22:02 IST" name="teardown" finished-at="2022-11-23T15:22:02 IST" duration-ms="178" status="PASS">
          <reporter-output>
          </reporter-output>
        </test-method> <!-- teardown -->
      </class> <!-- mine_day3.LoginTest -->
      <class name="office_day3.MyFirstTestNGTest">
        <test-method signature="test1()[pri:0, instance:office_day3.MyFirstTestNGTest@4988d8b8]" started-at="2022-11-23T15:22:29 IST" name="test1" finished-at="2022-11-23T15:22:29 IST" duration-ms="0" status="PASS">
          <reporter-output>
          </reporter-output>
        </test-method> <!-- test1 -->
        <test-method signature="test2()[pri:0, instance:office_day3.MyFirstTestNGTest@4988d8b8]" started-at="2022-11-23T15:22:29 IST" name="test2" finished-at="2022-11-23T15:22:29 IST" duration-ms="0" status="PASS">
          <reporter-output>
          </reporter-output>
        </test-method> <!-- test2 -->
        <test-method signature="test3()[pri:0, instance:office_day3.MyFirstTestNGTest@4988d8b8]" started-at="2022-11-23T15:22:29 IST" name="test3" finished-at="2022-11-23T15:22:29 IST" duration-ms="0" status="PASS">
          <reporter-output>
          </reporter-output>
        </test-method> <!-- test3 -->
      </class> <!-- office_day3.MyFirstTestNGTest -->
      <class name="mine_day1.MyFirstTestNGTest">
        <test-method signature="logout()[pri:1, instance:mine_day1.MyFirstTestNGTest@1fa121e2]" started-at="2022-11-23T15:21:46 IST" name="logout" finished-at="2022-11-23T15:21:46 IST" duration-ms="3" status="PASS">
          <reporter-output>
          </reporter-output>
        </test-method> <!-- logout -->
        <test-method signature="login()[pri:2, instance:mine_day1.MyFirstTestNGTest@1fa121e2]" started-at="2022-11-23T15:21:46 IST" name="login" finished-at="2022-11-23T15:21:46 IST" duration-ms="1" status="PASS">
          <reporter-output>
          </reporter-output>
        </test-method> <!-- login -->
        <test-method signature="createaccount()[pri:3, instance:mine_day1.MyFirstTestNGTest@1fa121e2]" started-at="2022-11-23T15:21:46 IST" name="createaccount" finished-at="2022-11-23T15:21:46 IST" duration-ms="0" status="PASS">
          <reporter-output>
          </reporter-output>
        </test-method> <!-- createaccount -->
        <test-method signature="deleteaccount()[pri:4, instance:mine_day1.MyFirstTestNGTest@1fa121e2]" started-at="2022-11-23T15:21:46 IST" name="deleteaccount" finished-at="2022-11-23T15:21:46 IST" duration-ms="0" status="PASS">
          <reporter-output>
          </reporter-output>
        </test-method> <!-- deleteaccount -->
      </class> <!-- mine_day1.MyFirstTestNGTest -->
      <class name="mine_day3.TestNG1">
        <test-method signature="createAccount()[pri:0, instance:mine_day3.TestNG1@3d34d211]" started-at="2022-11-23T15:22:02 IST" name="createAccount" finished-at="2022-11-23T15:22:02 IST" duration-ms="0" status="PASS">
          <reporter-output>
          </reporter-output>
        </test-method> <!-- createAccount -->
        <test-method signature="deleteAccount()[pri:0, instance:mine_day3.TestNG1@3d34d211]" started-at="2022-11-23T15:22:02 IST" name="deleteAccount" finished-at="2022-11-23T15:22:02 IST" duration-ms="0" status="PASS">
          <reporter-output>
          </reporter-output>
        </test-method> <!-- deleteAccount -->
        <test-method signature="login()[pri:2, instance:mine_day3.TestNG1@3d34d211]" started-at="2022-11-23T15:22:02 IST" name="login" finished-at="2022-11-23T15:22:02 IST" duration-ms="0" status="PASS">
          <reporter-output>
          </reporter-output>
        </test-method> <!-- login -->
        <test-method signature="logoutAccount()[pri:1, instance:mine_day3.TestNG1@3d34d211]" started-at="2022-11-23T15:22:02 IST" name="logoutAccount" finished-at="2022-11-23T15:22:02 IST" duration-ms="0" status="PASS">
          <reporter-output>
          </reporter-output>
        </test-method> <!-- logoutAccount -->
      </class> <!-- mine_day3.TestNG1 -->
      <class name="mine_Day_3.LoginTest">
        <test-method is-config="true" signature="setup()[pri:0, instance:mine_Day_3.LoginTest@587e5365]" started-at="2022-11-23T15:22:02 IST" name="setup" finished-at="2022-11-23T15:22:06 IST" duration-ms="3514" status="PASS">
          <reporter-output>
          </reporter-output>
        </test-method> <!-- setup -->
        <test-method signature="checkWithoutUsername()[pri:1, instance:mine_Day_3.LoginTest@587e5365]" started-at="2022-11-23T15:22:06 IST" name="checkWithoutUsername" finished-at="2022-11-23T15:22:06 IST" duration-ms="188" status="PASS">
          <reporter-output>
          </reporter-output>
        </test-method> <!-- checkWithoutUsername -->
        <test-method signature="checkWithoutPassword()[pri:2, instance:mine_Day_3.LoginTest@587e5365]" started-at="2022-11-23T15:22:06 IST" name="checkWithoutPassword" finished-at="2022-11-23T15:22:06 IST" duration-ms="133" status="PASS">
          <reporter-output>
          </reporter-output>
        </test-method> <!-- checkWithoutPassword -->
        <test-method signature="checkWithoutCredentials()[pri:3, instance:mine_Day_3.LoginTest@587e5365]" started-at="2022-11-23T15:22:06 IST" name="checkWithoutCredentials" finished-at="2022-11-23T15:22:06 IST" duration-ms="93" status="PASS">
          <reporter-output>
          </reporter-output>
        </test-method> <!-- checkWithoutCredentials -->
        <test-method signature="checkLogin()[pri:4, instance:mine_Day_3.LoginTest@587e5365]" started-at="2022-11-23T15:22:06 IST" name="checkLogin" finished-at="2022-11-23T15:22:10 IST" duration-ms="3580" status="PASS">
          <reporter-output>
          </reporter-output>
        </test-method> <!-- checkLogin -->
        <test-method signature="createUser()[pri:0, instance:mine_Day_3.LoginTest@587e5365]" started-at="2022-11-23T15:22:10 IST" name="createUser" finished-at="2022-11-23T15:22:13 IST" depends-on-methods="mine_Day_3.LoginTest.checkLogin" duration-ms="3346" status="PASS">
          <reporter-output>
          </reporter-output>
        </test-method> <!-- createUser -->
        <test-method signature="SignInWithNewUser()[pri:6, instance:mine_Day_3.LoginTest@587e5365]" started-at="2022-11-23T15:22:13 IST" name="SignInWithNewUser" finished-at="2022-11-23T15:22:15 IST" duration-ms="1347" status="PASS">
          <reporter-output>
          </reporter-output>
        </test-method> <!-- SignInWithNewUser -->
        <test-method is-config="true" signature="teardown()[pri:0, instance:mine_Day_3.LoginTest@587e5365]" started-at="2022-11-23T15:22:15 IST" name="teardown" finished-at="2022-11-23T15:22:15 IST" duration-ms="193" status="PASS">
          <reporter-output>
          </reporter-output>
        </test-method> <!-- teardown -->
      </class> <!-- mine_Day_3.LoginTest -->
      <class name="mine_Day_3.MyFirstTestNGTest">
        <test-method signature="login()[pri:2, instance:mine_Day_3.MyFirstTestNGTest@22fcf7ab]" started-at="2022-11-23T15:22:15 IST" name="login" finished-at="2022-11-23T15:22:15 IST" duration-ms="0" status="PASS">
          <reporter-output>
          </reporter-output>
        </test-method> <!-- login -->
        <test-method signature="logout()[pri:1, instance:mine_Day_3.MyFirstTestNGTest@22fcf7ab]" started-at="2022-11-23T15:22:15 IST" name="logout" finished-at="2022-11-23T15:22:15 IST" duration-ms="0" status="PASS">
          <reporter-output>
          </reporter-output>
        </test-method> <!-- logout -->
        <test-method signature="deleteaccount()[pri:4, instance:mine_Day_3.MyFirstTestNGTest@22fcf7ab]" started-at="2022-11-23T15:22:15 IST" name="deleteaccount" finished-at="2022-11-23T15:22:15 IST" duration-ms="0" status="PASS">
          <reporter-output>
          </reporter-output>
        </test-method> <!-- deleteaccount -->
        <test-method signature="createaccount()[pri:3, instance:mine_Day_3.MyFirstTestNGTest@22fcf7ab]" started-at="2022-11-23T15:22:15 IST" name="createaccount" finished-at="2022-11-23T15:22:15 IST" duration-ms="0" status="PASS">
          <reporter-output>
          </reporter-output>
        </test-method> <!-- createaccount -->
      </class> <!-- mine_Day_3.MyFirstTestNGTest -->
      <class name="mine_day3.CrossBrowserTest">
        <test-method signature="loginTest(java.lang.String)[pri:0, instance:mine_day3.CrossBrowserTest@55fe41ea]" started-at="2022-11-23T15:21:46 IST" name="loginTest" finished-at="2022-11-23T15:21:46 IST" duration-ms="0" status="FAIL">
          <exception class="org.testng.TestNGException">
            <message>
              <![CDATA[
Parameter 'browser' is required by @Test on method loginTest but has not been marked @Optional or defined
]]>
            </message>
            <full-stacktrace>
              <![CDATA[org.testng.TestNGException: 
Parameter 'browser' is required by @Test on method loginTest but has not been marked @Optional or defined

at org.testng.internal.Parameters.createParams(Parameters.java:270)
at org.testng.internal.Parameters.createParametersForMethod(Parameters.java:358)
at org.testng.internal.Parameters.createParameters(Parameters.java:700)
at org.testng.internal.Parameters.handleParameters(Parameters.java:884)
at org.testng.internal.Parameters.handleParameters(Parameters.java:740)
at org.testng.internal.ParameterHandler.handleParameters(ParameterHandler.java:59)
at org.testng.internal.ParameterHandler.createParameters(ParameterHandler.java:38)
at org.testng.internal.TestInvoker$MethodInvocationAgent.invoke(TestInvoker.java:791)
at org.testng.internal.TestInvoker.invokeTestMethods(TestInvoker.java:146)
at org.testng.internal.TestMethodWorker.invokeTestMethods(TestMethodWorker.java:146)
at org.testng.internal.TestMethodWorker.run(TestMethodWorker.java:128)
at java.base/java.util.ArrayList.forEach(ArrayList.java:1541)
at org.testng.TestRunner.privateRun(TestRunner.java:794)
at org.testng.TestRunner.run(TestRunner.java:596)
at org.testng.SuiteRunner.runTest(SuiteRunner.java:377)
at org.testng.SuiteRunner.runSequentially(SuiteRunner.java:371)
at org.testng.SuiteRunner.privateRun(SuiteRunner.java:332)
at org.testng.SuiteRunner.run(SuiteRunner.java:276)
at org.testng.SuiteRunnerWorker.runSuite(SuiteRunnerWorker.java:53)
at org.testng.SuiteRunnerWorker.run(SuiteRunnerWorker.java:96)
at org.testng.TestNG.runSuitesSequentially(TestNG.java:1212)
at org.testng.TestNG.runSuitesLocally(TestNG.java:1134)
at org.testng.TestNG.runSuites(TestNG.java:1063)
at org.testng.TestNG.run(TestNG.java:1031)
at org.apache.maven.surefire.testng.TestNGExecutor.run(TestNGExecutor.java:77)
at org.apache.maven.surefire.testng.TestNGDirectoryTestSuite.executeMulti(TestNGDirectoryTestSuite.java:159)
at org.apache.maven.surefire.testng.TestNGDirectoryTestSuite.execute(TestNGDirectoryTestSuite.java:99)
at org.apache.maven.surefire.testng.TestNGProvider.invoke(TestNGProvider.java:106)
at java.base/jdk.internal.reflect.NativeMethodAccessorImpl.invoke0(Native Method)
at java.base/jdk.internal.reflect.NativeMethodAccessorImpl.invoke(NativeMethodAccessorImpl.java:62)
at java.base/jdk.internal.reflect.DelegatingMethodAccessorImpl.invoke(DelegatingMethodAccessorImpl.java:43)
at java.base/java.lang.reflect.Method.invoke(Method.java:566)
at org.apache.maven.surefire.util.ReflectionUtils.invokeMethodWithArray(ReflectionUtils.java:189)
at org.apache.maven.surefire.booter.ProviderFactory$ProviderProxy.invoke(ProviderFactory.java:165)
at org.apache.maven.surefire.booter.ProviderFactory.invokeProvider(ProviderFactory.java:85)
at org.apache.maven.surefire.booter.ForkedBooter.runSuitesInProcess(ForkedBooter.java:115)
at org.apache.maven.surefire.booter.ForkedBooter.main(ForkedBooter.java:75)
]]>
            </full-stacktrace>
          </exception> <!-- org.testng.TestNGException -->
          <reporter-output>
          </reporter-output>
        </test-method> <!-- loginTest -->
      </class> <!-- mine_day3.CrossBrowserTest -->
      <class name="mine_Day_3.CrossBrowserTest">
        <test-method signature="loginTest(java.lang.String)[pri:0, instance:mine_Day_3.CrossBrowserTest@7dc0f706]" started-at="2022-11-23T15:22:02 IST" name="loginTest" finished-at="2022-11-23T15:22:02 IST" duration-ms="0" status="FAIL">
          <exception class="org.testng.TestNGException">
            <message>
              <![CDATA[
Parameter 'browser' is required by @Test on method loginTest but has not been marked @Optional or defined
]]>
            </message>
            <full-stacktrace>
              <![CDATA[org.testng.TestNGException: 
Parameter 'browser' is required by @Test on method loginTest but has not been marked @Optional or defined

at org.testng.internal.Parameters.createParams(Parameters.java:270)
at org.testng.internal.Parameters.createParametersForMethod(Parameters.java:358)
at org.testng.internal.Parameters.createParameters(Parameters.java:700)
at org.testng.internal.Parameters.handleParameters(Parameters.java:884)
at org.testng.internal.Parameters.handleParameters(Parameters.java:740)
at org.testng.internal.ParameterHandler.handleParameters(ParameterHandler.java:59)
at org.testng.internal.ParameterHandler.createParameters(ParameterHandler.java:38)
at org.testng.internal.TestInvoker$MethodInvocationAgent.invoke(TestInvoker.java:791)
at org.testng.internal.TestInvoker.invokeTestMethods(TestInvoker.java:146)
at org.testng.internal.TestMethodWorker.invokeTestMethods(TestMethodWorker.java:146)
at org.testng.internal.TestMethodWorker.run(TestMethodWorker.java:128)
at java.base/java.util.ArrayList.forEach(ArrayList.java:1541)
at org.testng.TestRunner.privateRun(TestRunner.java:794)
at org.testng.TestRunner.run(TestRunner.java:596)
at org.testng.SuiteRunner.runTest(SuiteRunner.java:377)
at org.testng.SuiteRunner.runSequentially(SuiteRunner.java:371)
at org.testng.SuiteRunner.privateRun(SuiteRunner.java:332)
at org.testng.SuiteRunner.run(SuiteRunner.java:276)
at org.testng.SuiteRunnerWorker.runSuite(SuiteRunnerWorker.java:53)
at org.testng.SuiteRunnerWorker.run(SuiteRunnerWorker.java:96)
at org.testng.TestNG.runSuitesSequentially(TestNG.java:1212)
at org.testng.TestNG.runSuitesLocally(TestNG.java:1134)
at org.testng.TestNG.runSuites(TestNG.java:1063)
at org.testng.TestNG.run(TestNG.java:1031)
at org.apache.maven.surefire.testng.TestNGExecutor.run(TestNGExecutor.java:77)
at org.apache.maven.surefire.testng.TestNGDirectoryTestSuite.executeMulti(TestNGDirectoryTestSuite.java:159)
at org.apache.maven.surefire.testng.TestNGDirectoryTestSuite.execute(TestNGDirectoryTestSuite.java:99)
at org.apache.maven.surefire.testng.TestNGProvider.invoke(TestNGProvider.java:106)
at java.base/jdk.internal.reflect.NativeMethodAccessorImpl.invoke0(Native Method)
at java.base/jdk.internal.reflect.NativeMethodAccessorImpl.invoke(NativeMethodAccessorImpl.java:62)
at java.base/jdk.internal.reflect.DelegatingMethodAccessorImpl.invoke(DelegatingMethodAccessorImpl.java:43)
at java.base/java.lang.reflect.Method.invoke(Method.java:566)
at org.apache.maven.surefire.util.ReflectionUtils.invokeMethodWithArray(ReflectionUtils.java:189)
at org.apache.maven.surefire.booter.ProviderFactory$ProviderProxy.invoke(ProviderFactory.java:165)
at org.apache.maven.surefire.booter.ProviderFactory.invokeProvider(ProviderFactory.java:85)
at org.apache.maven.surefire.booter.ForkedBooter.runSuitesInProcess(ForkedBooter.java:115)
at org.apache.maven.surefire.booter.ForkedBooter.main(ForkedBooter.java:75)
]]>
            </full-stacktrace>
          </exception> <!-- org.testng.TestNGException -->
          <reporter-output>
          </reporter-output>
        </test-method> <!-- loginTest -->
      </class> <!-- mine_Day_3.CrossBrowserTest -->
      <class name="mine_Day_3.SmokeTest">
        <test-method is-config="true" signature="setup()[pri:0, instance:mine_Day_3.SmokeTest@2de23121]" started-at="2022-11-23T15:22:15 IST" name="setup" finished-at="2022-11-23T15:22:18 IST" duration-ms="3110" status="PASS">
          <reporter-output>
          </reporter-output>
        </test-method> <!-- setup -->
        <test-method signature="verifyForgetPasswordLink()[pri:0, instance:mine_Day_3.SmokeTest@2de23121]" started-at="2022-11-23T15:22:18 IST" name="verifyForgetPasswordLink" finished-at="2022-11-23T15:22:18 IST" duration-ms="32" status="PASS">
          <reporter-output>
          </reporter-output>
        </test-method> <!-- verifyForgetPasswordLink -->
        <test-method is-config="true" signature="teardown()[pri:0, instance:mine_Day_3.SmokeTest@2de23121]" started-at="2022-11-23T15:22:18 IST" name="teardown" finished-at="2022-11-23T15:22:18 IST" duration-ms="177" status="PASS">
          <reporter-output>
          </reporter-output>
        </test-method> <!-- teardown -->
        <test-method is-config="true" signature="setup()[pri:0, instance:mine_Day_3.SmokeTest@2de23121]" started-at="2022-11-23T15:22:18 IST" name="setup" finished-at="2022-11-23T15:22:22 IST" duration-ms="3313" status="PASS">
          <reporter-output>
          </reporter-output>
        </test-method> <!-- setup -->
        <test-method signature="verifySocialMedia()[pri:0, instance:mine_Day_3.SmokeTest@2de23121]" started-at="2022-11-23T15:22:22 IST" name="verifySocialMedia" finished-at="2022-11-23T15:22:22 IST" duration-ms="13" status="PASS">
          <reporter-output>
          </reporter-output>
        </test-method> <!-- verifySocialMedia -->
        <test-method is-config="true" signature="teardown()[pri:0, instance:mine_Day_3.SmokeTest@2de23121]" started-at="2022-11-23T15:22:22 IST" name="teardown" finished-at="2022-11-23T15:22:22 IST" duration-ms="194" status="PASS">
          <reporter-output>
          </reporter-output>
        </test-method> <!-- teardown -->
        <test-method is-config="true" signature="setup()[pri:0, instance:mine_Day_3.SmokeTest@2de23121]" started-at="2022-11-23T15:22:22 IST" name="setup" finished-at="2022-11-23T15:22:25 IST" duration-ms="3231" status="PASS">
          <reporter-output>
          </reporter-output>
        </test-method> <!-- setup -->
        <test-method signature="verifyTitle()[pri:0, instance:mine_Day_3.SmokeTest@2de23121]" started-at="2022-11-23T15:22:25 IST" name="verifyTitle" finished-at="2022-11-23T15:22:25 IST" duration-ms="8" status="PASS">
          <reporter-output>
          </reporter-output>
        </test-method> <!-- verifyTitle -->
        <test-method is-config="true" signature="teardown()[pri:0, instance:mine_Day_3.SmokeTest@2de23121]" started-at="2022-11-23T15:22:25 IST" name="teardown" finished-at="2022-11-23T15:22:25 IST" duration-ms="195" status="PASS">
          <reporter-output>
          </reporter-output>
        </test-method> <!-- teardown -->
        <test-method is-config="true" signature="setup()[pri:0, instance:mine_Day_3.SmokeTest@2de23121]" started-at="2022-11-23T15:22:25 IST" name="setup" finished-at="2022-11-23T15:22:29 IST" duration-ms="3335" status="PASS">
          <reporter-output>
          </reporter-output>
        </test-method> <!-- setup -->
        <test-method signature="verifyUrl()[pri:0, instance:mine_Day_3.SmokeTest@2de23121]" started-at="2022-11-23T15:22:29 IST" name="verifyUrl" finished-at="2022-11-23T15:22:29 IST" duration-ms="5" status="PASS">
          <reporter-output>
          </reporter-output>
        </test-method> <!-- verifyUrl -->
        <test-method is-config="true" signature="teardown()[pri:0, instance:mine_Day_3.SmokeTest@2de23121]" started-at="2022-11-23T15:22:29 IST" name="teardown" finished-at="2022-11-23T15:22:29 IST" duration-ms="177" status="PASS">
          <reporter-output>
          </reporter-output>
        </test-method> <!-- teardown -->
      </class> <!-- mine_Day_3.SmokeTest -->
      <class name="office_day3.SmokeTest">
        <test-method is-config="true" signature="setup()[pri:0, instance:office_day3.SmokeTest@c0c2f8d]" started-at="2022-11-23T15:22:29 IST" name="setup" finished-at="2022-11-23T15:22:32 IST" duration-ms="3349" status="PASS">
          <reporter-output>
          </reporter-output>
        </test-method> <!-- setup -->
        <test-method signature="verifyForgotPasswordLink()[pri:0, instance:office_day3.SmokeTest@c0c2f8d]" started-at="2022-11-23T15:22:32 IST" name="verifyForgotPasswordLink" finished-at="2022-11-23T15:22:32 IST" duration-ms="29" status="PASS">
          <reporter-output>
          </reporter-output>
        </test-method> <!-- verifyForgotPasswordLink -->
        <test-method is-config="true" signature="tearDown()[pri:0, instance:office_day3.SmokeTest@c0c2f8d]" started-at="2022-11-23T15:22:32 IST" name="tearDown" finished-at="2022-11-23T15:22:32 IST" duration-ms="203" status="PASS">
          <reporter-output>
          </reporter-output>
        </test-method> <!-- tearDown -->
        <test-method is-config="true" signature="setup()[pri:0, instance:office_day3.SmokeTest@c0c2f8d]" started-at="2022-11-23T15:22:32 IST" name="setup" finished-at="2022-11-23T15:22:36 IST" duration-ms="3365" status="PASS">
          <reporter-output>
          </reporter-output>
        </test-method> <!-- setup -->
        <test-method signature="verifySocialMediaCount()[pri:0, instance:office_day3.SmokeTest@c0c2f8d]" started-at="2022-11-23T15:22:36 IST" name="verifySocialMediaCount" finished-at="2022-11-23T15:22:36 IST" duration-ms="17" status="PASS">
          <reporter-output>
          </reporter-output>
        </test-method> <!-- verifySocialMediaCount -->
        <test-method is-config="true" signature="tearDown()[pri:0, instance:office_day3.SmokeTest@c0c2f8d]" started-at="2022-11-23T15:22:36 IST" name="tearDown" finished-at="2022-11-23T15:22:36 IST" duration-ms="199" status="PASS">
          <reporter-output>
          </reporter-output>
        </test-method> <!-- tearDown -->
        <test-method is-config="true" signature="setup()[pri:0, instance:office_day3.SmokeTest@c0c2f8d]" started-at="2022-11-23T15:22:36 IST" name="setup" finished-at="2022-11-23T15:22:39 IST" duration-ms="3319" status="PASS">
          <reporter-output>
          </reporter-output>
        </test-method> <!-- setup -->
        <test-method signature="verifyTitle()[pri:0, instance:office_day3.SmokeTest@c0c2f8d]" started-at="2022-11-23T15:22:39 IST" name="verifyTitle" finished-at="2022-11-23T15:22:39 IST" duration-ms="6" status="PASS">
          <reporter-output>
          </reporter-output>
        </test-method> <!-- verifyTitle -->
        <test-method is-config="true" signature="tearDown()[pri:0, instance:office_day3.SmokeTest@c0c2f8d]" started-at="2022-11-23T15:22:39 IST" name="tearDown" finished-at="2022-11-23T15:22:39 IST" duration-ms="184" status="PASS">
          <reporter-output>
          </reporter-output>
        </test-method> <!-- tearDown -->
        <test-method is-config="true" signature="setup()[pri:0, instance:office_day3.SmokeTest@c0c2f8d]" started-at="2022-11-23T15:22:39 IST" name="setup" finished-at="2022-11-23T15:22:42 IST" duration-ms="3083" status="PASS">
          <reporter-output>
          </reporter-output>
        </test-method> <!-- setup -->
        <test-method signature="verifyURL()[pri:0, instance:office_day3.SmokeTest@c0c2f8d]" started-at="2022-11-23T15:22:42 IST" name="verifyURL" finished-at="2022-11-23T15:22:42 IST" duration-ms="7" status="PASS">
          <reporter-output>
          </reporter-output>
        </test-method> <!-- verifyURL -->
        <test-method is-config="true" signature="tearDown()[pri:0, instance:office_day3.SmokeTest@c0c2f8d]" started-at="2022-11-23T15:22:42 IST" name="tearDown" finished-at="2022-11-23T15:22:43 IST" duration-ms="172" status="PASS">
          <reporter-output>
          </reporter-output>
        </test-method> <!-- tearDown -->
      </class> <!-- office_day3.SmokeTest -->
    </test> <!-- Command line test -->
  </suite> <!-- Command line suite -->
</testng-results>
